<?xml version="1.0" encoding="UTF-8"?>
<testsuite name="com.gallery.app.domain.usecase.CleanupTrashUseCaseTest" tests="1" skipped="0" failures="0" errors="0" timestamp="2026-08-02T14:20:38.513Z" hostname="fedora" time="4.231">
  <properties/>
  <testcase name="invoke calls cleanupExpiredTrash on repository" classname="com.gallery.app.domain.usecase.CleanupTrashUseCaseTest" time="4.216"/>
  <system-out><![CDATA[]]></system-out>
  <system-err><![CDATA[WARNING: A Java agent has been loaded dynamically (/home/roshan/.gradle/caches/modules-2/files-2.1/net.bytebuddy/byte-buddy-agent/1.14.17/e3c251a39dc90badaf71c83427ba46840f219d8d/byte-buddy-agent-1.14.17.jar)
WARNING: If a serviceability tool is in use, please run with -XX:+EnableDynamicAgentLoading to hide this warning
WARNING: If a serviceability tool is not in use, please run with -Djdk.instrument.traceUsage for more information
WARNING: Dynamic loading of agents will be disallowed by default in a future release
]]></system-err>
</testsuite>
