<?xml version="1.0" encoding="UTF-8"?>
<testsuite name="com.gallery.app.feature.editor.ImageEditorViewModelTest" tests="2" skipped="0" failures="0" errors="0" timestamp="2026-08-02T14:20:54.232Z" hostname="fedora" time="0.089">
  <properties/>
  <testcase name="test filter and adjustment state updates" classname="com.gallery.app.feature.editor.ImageEditorViewModelTest" time="0.088"/>
  <testcase name="test rotateRight updates state and enables undo" classname="com.gallery.app.feature.editor.ImageEditorViewModelTest" time="0.001"/>
  <system-out><![CDATA[]]></system-out>
  <system-err><![CDATA[]]></system-err>
</testsuite>
